<?xml version="1.0" encoding="utf-8" standalone="no"?>
<!--This file represents the results of running a test suite-->
<test-results name="D:\FILES\Documents\УЧЁБА\СимбирСофт\C#\Homework\Application\ProgramTests\bin\Debug\ProgramTests.dll" total="1" errors="0" failures="0" not-run="0" inconclusive="0" ignored="0" skipped="0" invalid="0" date="2015-05-27" time="15:05:05">
  <environment nunit-version="2.6.4.14350" clr-version="2.0.50727.4927" os-version="Microsoft Windows NT 6.1.7600.0" platform="Win32NT" cwd="D:\FILES\Documents\УЧЁБА\СимбирСофт\C#\Homework\Application\ProgramTests\bin\Debug" machine-name="АНДРЕЙ-ПК" user="Андрей" user-domain="Андрей-ПК" />
  <culture-info current-culture="ru-RU" current-uiculture="ru-RU" />
  <test-suite type="Assembly" name="D:\FILES\Documents\УЧЁБА\СимбирСофт\C#\Homework\Application\ProgramTests\bin\Debug\ProgramTests.dll" executed="True" result="Success" success="True" time="0.006" asserts="0">
    <results>
      <test-suite type="Namespace" name="ProgramTests" executed="True" result="Success" success="True" time="0.003" asserts="0">
        <results>
          <test-suite type="TestFixture" name="Class1" executed="True" result="Success" success="True" time="0.003" asserts="0">
            <results>
              <test-case name="ProgramTests.Class1.Test1" executed="True" result="Success" success="True" time="0.000" asserts="1" />
            </results>
          </test-suite>
        </results>
      </test-suite>
    </results>
  </test-suite>
</test-results>